Arguments: 
  /usr/local/bin/node /usr/local/bin/yarn build

PATH: 
  /Users/user/.rvm/gems/ruby-2.4.0/bin:/Users/user/.rvm/gems/ruby-2.4.0@global/bin:/Users/user/.rvm/rubies/ruby-2.4.0/bin:/usr/bin:/bin:/usr/sbin:/sbin:/usr/local/bin:/usr/local/git/bin:/Users/user/.rvm/gems/ruby-2.4.0/bin:/Users/user/.rvm/gems/ruby-2.4.0@global/bin:/Users/user/.rvm/rubies/ruby-2.4.0/bin:/Users/user/.antigen/bundles/robbyrussell/oh-my-zsh/lib:/Users/user/.antigen/bundles/robbyrussell/oh-my-zsh/plugins/git:/Users/user/.antigen/bundles/robbyrussell/oh-my-zsh/plugins/heroku:/Users/user/.antigen/bundles/robbyrussell/oh-my-zsh/plugins/pip:/Users/user/.antigen/bundles/robbyrussell/oh-my-zsh/plugins/lein:/Users/user/.antigen/bundles/robbyrussell/oh-my-zsh/plugins/command-not-found:/Users/user/.antigen/bundles/robbyrussell/oh-my-zsh/plugins/brew:/Users/user/.antigen/bundles/robbyrussell/oh-my-zsh/plugins/z:/Users/user/.antigen/bundles/zsh-users/zsh-syntax-highlighting:/Users/user/.antigen/bundles/zsh-users/zsh-autosuggestions:/Users/user/.rvm/bin

Yarn version: 
  1.13.0

Node version: 
  9.10.1

Platform: 
  darwin x64

Trace: 
  SyntaxError: /Users/user/Documents/UpWork/ts-mind/package.json: Unexpected token ` in JSON at position 703
      at JSON.parse (<anonymous>)
      at /usr/local/lib/node_modules/yarn/lib/cli.js:1625:59
      at Generator.next (<anonymous>)
      at step (/usr/local/lib/node_modules/yarn/lib/cli.js:304:30)
      at /usr/local/lib/node_modules/yarn/lib/cli.js:315:13
      at <anonymous>

npm manifest: 
  {
  	"name": "ts-mind",
  	"version": "1.0.0",
  	"description": "A web-mind lib write in typescript.Sound apis and friendly plug-in mechanism in this lib.",
  	"main": "index.js",
  	"scripts": {
  		"test": "echo \"Error: no test specified\" && exit 1",
  		"build": "npx tsc~"
  	},
  	"repository": {
  		"type": "git",
  		"url": "git+https://github.com/JasonDRZ/ts-mind.git"
  	},
  	"keywords": [
  		"tsmind",
  		"mind-map",
  		"mind-mapping",
  		"canvas",
  		"javascript",
  		"jsmind",
  		"typescript"
  	],
  	"author": "JasonDRZ",
  	"license": "MIT",
  	"bugs": {
  		"url": "https://github.com/JasonDRZ/ts-mind/issues"
  	},
  	"homepage": "https://github.com/JasonDRZ/ts-mind#readme",
  	"devDependencies": {
  		"typescript": "^3.3.3"
  	}
  }
  ``

yarn manifest: 
  No manifest

Lockfile: 
  # THIS IS AN AUTOGENERATED FILE. DO NOT EDIT THIS FILE DIRECTLY.
  # yarn lockfile v1
  
  
  typescript@^3.3.3:
    version "3.3.3"
    resolved "https://registry.yarnpkg.com/typescript/-/typescript-3.3.3.tgz#f1657fc7daa27e1a8930758ace9ae8da31403221"
    integrity sha512-Y21Xqe54TBVp+VDSNbuDYdGw0BpoR/Q6wo/+35M8PAU0vipahnyduJWirxxdxjsAkS7hue53x2zp8gz7F05u0A==
